mode: set
github.com/DataDog/terraform-provider-datadog/generator/cmd/generator/main.go:13.13,26.55 5 0
github.com/DataDog/terraform-provider-datadog/generator/cmd/generator/main.go:26.55,28.18 2 0
github.com/DataDog/terraform-provider-datadog/generator/cmd/generator/main.go:28.18,30.5 1 0
github.com/DataDog/terraform-provider-datadog/generator/cmd/generator/main.go:32.4,33.78 2 0
github.com/DataDog/terraform-provider-datadog/generator/cmd/generator/main.go:33.78,35.5 1 0
github.com/DataDog/terraform-provider-datadog/generator/cmd/generator/main.go:37.4,37.15 1 0
github.com/DataDog/terraform-provider-datadog/generator/cmd/generator/main.go:37.15,39.5 1 0
github.com/DataDog/terraform-provider-datadog/generator/cmd/generator/main.go:40.4,40.14 1 0
github.com/DataDog/terraform-provider-datadog/generator/cmd/generator/main.go:44.2,52.42 7 0
github.com/DataDog/terraform-provider-datadog/generator/cmd/generator/main.go:52.42,54.3 1 0
github.com/DataDog/terraform-provider-datadog/generator/internal/model/templatedata.go:67.45,69.2 1 0
github.com/DataDog/terraform-provider-datadog/generator/internal/hooks/interface.go:13.50,13.64 1 1
github.com/DataDog/terraform-provider-datadog/generator/internal/hooks/interface.go:14.50,14.64 1 1
github.com/DataDog/terraform-provider-datadog/generator/internal/hooks/interface.go:15.51,15.52 0 1
github.com/DataDog/terraform-provider-datadog/generator/internal/openapi/composition.go:14.75,15.28 1 1
github.com/DataDog/terraform-provider-datadog/generator/internal/openapi/composition.go:15.28,17.3 1 1
github.com/DataDog/terraform-provider-datadog/generator/internal/openapi/composition.go:19.2,27.37 4 1
github.com/DataDog/terraform-provider-datadog/generator/internal/openapi/composition.go:27.37,29.17 2 1
github.com/DataDog/terraform-provider-datadog/generator/internal/openapi/composition.go:29.17,31.4 1 0
github.com/DataDog/terraform-provider-datadog/generator/internal/openapi/composition.go:34.3,34.30 1 1
github.com/DataDog/terraform-provider-datadog/generator/internal/openapi/composition.go:34.30,36.18 2 0
github.com/DataDog/terraform-provider-datadog/generator/internal/openapi/composition.go:36.18,38.5 1 0
github.com/DataDog/terraform-provider-datadog/generator/internal/openapi/composition.go:42.3,42.33 1 1
github.com/DataDog/terraform-provider-datadog/generator/internal/openapi/composition.go:42.33,43.66 1 1
github.com/DataDog/terraform-provider-datadog/generator/internal/openapi/composition.go:43.66,45.5 1 1
github.com/DataDog/terraform-provider-datadog/generator/internal/openapi/composition.go:49.3,49.39 1 1
github.com/DataDog/terraform-provider-datadog/generator/internal/openapi/composition.go:49.39,51.4 1 1
github.com/DataDog/terraform-provider-datadog/generator/internal/openapi/composition.go:54.2,54.29 1 1
github.com/DataDog/terraform-provider-datadog/generator/internal/openapi/composition.go:54.29,56.3 1 1
github.com/DataDog/terraform-provider-datadog/generator/internal/openapi/composition.go:59.2,59.27 1 1
github.com/DataDog/terraform-provider-datadog/generator/internal/openapi/composition.go:59.27,61.3 1 1
github.com/DataDog/terraform-provider-datadog/generator/internal/openapi/composition.go:63.2,63.20 1 1
github.com/DataDog/terraform-provider-datadog/generator/internal/openapi/composition.go:70.75,71.28 1 1
github.com/DataDog/terraform-provider-datadog/generator/internal/openapi/composition.go:71.28,73.3 1 1
github.com/DataDog/terraform-provider-datadog/generator/internal/openapi/composition.go:75.2,83.37 4 1
github.com/DataDog/terraform-provider-datadog/generator/internal/openapi/composition.go:83.37,85.17 2 1
github.com/DataDog/terraform-provider-datadog/generator/internal/openapi/composition.go:85.17,87.4 1 0
github.com/DataDog/terraform-provider-datadog/generator/internal/openapi/composition.go:89.3,89.33 1 1
github.com/DataDog/terraform-provider-datadog/generator/internal/openapi/composition.go:89.33,90.12 1 1
github.com/DataDog/terraform-provider-datadog/generator/internal/openapi/composition.go:93.3,93.65 1 1
github.com/DataDog/terraform-provider-datadog/generator/internal/openapi/composition.go:93.65,95.18 2 1
github.com/DataDog/terraform-provider-datadog/generator/internal/openapi/composition.go:95.18,96.13 1 0
github.com/DataDog/terraform-provider-datadog/generator/internal/openapi/composition.go:99.4,100.32 2 1
github.com/DataDog/terraform-provider-datadog/generator/internal/openapi/composition.go:100.32,102.5 1 1
github.com/DataDog/terraform-provider-datadog/generator/internal/openapi/composition.go:104.4,105.14 2 1
github.com/DataDog/terraform-provider-datadog/generator/internal/openapi/composition.go:105.14,106.33 1 1
github.com/DataDog/terraform-provider-datadog/generator/internal/openapi/composition.go:106.33,112.6 3 1
github.com/DataDog/terraform-provider-datadog/generator/internal/openapi/composition.go:114.10,117.5 2 1
github.com/DataDog/terraform-provider-datadog/generator/internal/openapi/composition.go:122.2,124.27 2 1
github.com/DataDog/terraform-provider-datadog/generator/internal/openapi/composition.go:124.27,126.3 1 1
github.com/DataDog/terraform-provider-datadog/generator/internal/openapi/composition.go:128.2,128.20 1 1
github.com/DataDog/terraform-provider-datadog/generator/internal/openapi/composition.go:134.77,135.40 1 1
github.com/DataDog/terraform-provider-datadog/generator/internal/openapi/composition.go:135.40,137.3 1 1
github.com/DataDog/terraform-provider-datadog/generator/internal/openapi/composition.go:140.2,140.39 1 1
github.com/DataDog/terraform-provider-datadog/generator/internal/openapi/composition.go:140.39,141.36 1 1
github.com/DataDog/terraform-provider-datadog/generator/internal/openapi/composition.go:141.36,147.4 2 1
github.com/DataDog/terraform-provider-datadog/generator/internal/openapi/composition.go:149.3,149.58 1 1
github.com/DataDog/terraform-provider-datadog/generator/internal/openapi/composition.go:153.2,153.79 1 1
github.com/DataDog/terraform-provider-datadog/generator/internal/openapi/composition.go:153.79,155.17 2 1
github.com/DataDog/terraform-provider-datadog/generator/internal/openapi/composition.go:155.17,157.4 1 0
github.com/DataDog/terraform-provider-datadog/generator/internal/openapi/composition.go:159.3,160.31 2 1
github.com/DataDog/terraform-provider-datadog/generator/internal/openapi/composition.go:160.31,162.4 1 1
github.com/DataDog/terraform-provider-datadog/generator/internal/openapi/composition.go:164.3,165.19 2 1
github.com/DataDog/terraform-provider-datadog/generator/internal/openapi/composition.go:166.17,167.37 1 1
github.com/DataDog/terraform-provider-datadog/generator/internal/openapi/composition.go:168.18,169.34 1 1
github.com/DataDog/terraform-provider-datadog/generator/internal/openapi/composition.go:170.17,171.36 1 0
github.com/DataDog/terraform-provider-datadog/generator/internal/openapi/composition.go:172.18,173.35 1 0
github.com/DataDog/terraform-provider-datadog/generator/internal/openapi/composition.go:174.17,175.37 1 1
github.com/DataDog/terraform-provider-datadog/generator/internal/openapi/composition.go:176.11,177.37 1 0
github.com/DataDog/terraform-provider-datadog/generator/internal/openapi/composition.go:180.3,188.27 3 1
github.com/DataDog/terraform-provider-datadog/generator/internal/openapi/composition.go:188.27,190.18 2 1
github.com/DataDog/terraform-provider-datadog/generator/internal/openapi/composition.go:190.18,192.5 1 0
github.com/DataDog/terraform-provider-datadog/generator/internal/openapi/composition.go:193.4,193.29 1 1
github.com/DataDog/terraform-provider-datadog/generator/internal/openapi/composition.go:196.3,196.20 1 1
github.com/DataDog/terraform-provider-datadog/generator/internal/openapi/composition.go:200.2,203.8 1 0
github.com/DataDog/terraform-provider-datadog/generator/internal/openapi/composition.go:208.68,216.2 2 1
github.com/DataDog/terraform-provider-datadog/generator/internal/openapi/jsonapi.go:11.50,12.47 1 1
github.com/DataDog/terraform-provider-datadog/generator/internal/openapi/jsonapi.go:12.47,14.3 1 1
github.com/DataDog/terraform-provider-datadog/generator/internal/openapi/jsonapi.go:16.2,17.29 2 1
github.com/DataDog/terraform-provider-datadog/generator/internal/openapi/jsonapi.go:17.29,19.3 1 1
github.com/DataDog/terraform-provider-datadog/generator/internal/openapi/jsonapi.go:21.2,22.69 2 1
github.com/DataDog/terraform-provider-datadog/generator/internal/openapi/jsonapi.go:22.69,24.3 1 0
github.com/DataDog/terraform-provider-datadog/generator/internal/openapi/jsonapi.go:26.2,30.37 4 1
github.com/DataDog/terraform-provider-datadog/generator/internal/openapi/jsonapi.go:35.76,36.47 1 1
github.com/DataDog/terraform-provider-datadog/generator/internal/openapi/jsonapi.go:36.47,38.3 1 0
github.com/DataDog/terraform-provider-datadog/generator/internal/openapi/jsonapi.go:40.2,41.29 2 1
github.com/DataDog/terraform-provider-datadog/generator/internal/openapi/jsonapi.go:41.29,43.3 1 1
github.com/DataDog/terraform-provider-datadog/generator/internal/openapi/jsonapi.go:45.2,46.16 2 1
github.com/DataDog/terraform-provider-datadog/generator/internal/openapi/jsonapi.go:46.16,48.3 1 0
github.com/DataDog/terraform-provider-datadog/generator/internal/openapi/jsonapi.go:50.2,50.34 1 1
github.com/DataDog/terraform-provider-datadog/generator/internal/openapi/jsonapi.go:50.34,52.3 1 0
github.com/DataDog/terraform-provider-datadog/generator/internal/openapi/jsonapi.go:54.2,55.30 2 1
github.com/DataDog/terraform-provider-datadog/generator/internal/openapi/jsonapi.go:55.30,57.3 1 0
github.com/DataDog/terraform-provider-datadog/generator/internal/openapi/jsonapi.go:60.2,62.28 3 1
github.com/DataDog/terraform-provider-datadog/generator/internal/openapi/jsonapi.go:62.28,64.45 2 1
github.com/DataDog/terraform-provider-datadog/generator/internal/openapi/jsonapi.go:64.45,66.4 1 1
github.com/DataDog/terraform-provider-datadog/generator/internal/openapi/jsonapi.go:69.2,69.34 1 1
github.com/DataDog/terraform-provider-datadog/generator/internal/openapi/loader.go:13.80,15.16 2 1
github.com/DataDog/terraform-provider-datadog/generator/internal/openapi/loader.go:15.16,17.3 1 1
github.com/DataDog/terraform-provider-datadog/generator/internal/openapi/loader.go:19.2,20.16 2 1
github.com/DataDog/terraform-provider-datadog/generator/internal/openapi/loader.go:20.16,22.3 1 1
github.com/DataDog/terraform-provider-datadog/generator/internal/openapi/loader.go:24.2,25.16 2 1
github.com/DataDog/terraform-provider-datadog/generator/internal/openapi/loader.go:25.16,27.3 1 0
github.com/DataDog/terraform-provider-datadog/generator/internal/openapi/loader.go:29.2,29.19 1 1
github.com/DataDog/terraform-provider-datadog/generator/internal/openapi/operation.go:35.95,36.52 1 1
github.com/DataDog/terraform-provider-datadog/generator/internal/openapi/operation.go:36.52,38.3 1 0
github.com/DataDog/terraform-provider-datadog/generator/internal/openapi/operation.go:40.2,41.9 2 1
github.com/DataDog/terraform-provider-datadog/generator/internal/openapi/operation.go:41.9,43.3 1 1
github.com/DataDog/terraform-provider-datadog/generator/internal/openapi/operation.go:45.2,46.15 2 1
github.com/DataDog/terraform-provider-datadog/generator/internal/openapi/operation.go:46.15,48.3 1 1
github.com/DataDog/terraform-provider-datadog/generator/internal/openapi/operation.go:50.2,57.22 2 1
github.com/DataDog/terraform-provider-datadog/generator/internal/openapi/operation.go:57.22,59.3 1 1
github.com/DataDog/terraform-provider-datadog/generator/internal/openapi/operation.go:61.2,61.38 1 1
github.com/DataDog/terraform-provider-datadog/generator/internal/openapi/operation.go:61.38,68.19 2 1
github.com/DataDog/terraform-provider-datadog/generator/internal/openapi/operation.go:69.15,70.52 1 1
github.com/DataDog/terraform-provider-datadog/generator/internal/openapi/operation.go:71.16,72.54 1 1
github.com/DataDog/terraform-provider-datadog/generator/internal/openapi/operation.go:76.2,77.16 2 1
github.com/DataDog/terraform-provider-datadog/generator/internal/openapi/operation.go:77.16,79.3 1 0
github.com/DataDog/terraform-provider-datadog/generator/internal/openapi/operation.go:80.2,85.20 3 1
github.com/DataDog/terraform-provider-datadog/generator/internal/openapi/operation.go:90.53,92.15 2 1
github.com/DataDog/terraform-provider-datadog/generator/internal/openapi/operation.go:92.15,94.3 1 1
github.com/DataDog/terraform-provider-datadog/generator/internal/openapi/operation.go:95.2,96.28 2 1
github.com/DataDog/terraform-provider-datadog/generator/internal/openapi/operation.go:100.42,102.2 1 1
github.com/DataDog/terraform-provider-datadog/generator/internal/openapi/operation.go:105.44,111.2 2 1
github.com/DataDog/terraform-provider-datadog/generator/internal/openapi/operation.go:114.81,115.33 1 1
github.com/DataDog/terraform-provider-datadog/generator/internal/openapi/operation.go:116.13,117.16 1 1
github.com/DataDog/terraform-provider-datadog/generator/internal/openapi/operation.go:118.14,119.17 1 1
github.com/DataDog/terraform-provider-datadog/generator/internal/openapi/operation.go:120.13,121.16 1 0
github.com/DataDog/terraform-provider-datadog/generator/internal/openapi/operation.go:122.15,123.18 1 0
github.com/DataDog/terraform-provider-datadog/generator/internal/openapi/operation.go:124.16,125.19 1 0
github.com/DataDog/terraform-provider-datadog/generator/internal/openapi/operation.go:126.10,127.13 1 0
github.com/DataDog/terraform-provider-datadog/generator/internal/openapi/operation.go:133.77,134.54 1 1
github.com/DataDog/terraform-provider-datadog/generator/internal/openapi/operation.go:134.54,136.3 1 0
github.com/DataDog/terraform-provider-datadog/generator/internal/openapi/operation.go:138.2,139.9 2 1
github.com/DataDog/terraform-provider-datadog/generator/internal/openapi/operation.go:139.9,141.3 1 0
github.com/DataDog/terraform-provider-datadog/generator/internal/openapi/operation.go:143.2,143.25 1 1
github.com/DataDog/terraform-provider-datadog/generator/internal/openapi/operation.go:143.25,145.3 1 0
github.com/DataDog/terraform-provider-datadog/generator/internal/openapi/operation.go:147.2,148.9 2 1
github.com/DataDog/terraform-provider-datadog/generator/internal/openapi/operation.go:148.9,150.3 1 0
github.com/DataDog/terraform-provider-datadog/generator/internal/openapi/operation.go:152.2,152.22 1 1
github.com/DataDog/terraform-provider-datadog/generator/internal/openapi/operation.go:152.22,154.3 1 0
github.com/DataDog/terraform-provider-datadog/generator/internal/openapi/operation.go:156.2,156.23 1 1
github.com/DataDog/terraform-provider-datadog/generator/internal/openapi/schema.go:56.66,57.18 1 1
github.com/DataDog/terraform-provider-datadog/generator/internal/openapi/schema.go:57.18,59.3 1 1
github.com/DataDog/terraform-provider-datadog/generator/internal/openapi/schema.go:61.2,62.16 2 1
github.com/DataDog/terraform-provider-datadog/generator/internal/openapi/schema.go:62.16,64.3 1 0
github.com/DataDog/terraform-provider-datadog/generator/internal/openapi/schema.go:66.2,66.44 1 1
github.com/DataDog/terraform-provider-datadog/generator/internal/openapi/schema.go:72.87,74.27 1 1
github.com/DataDog/terraform-provider-datadog/generator/internal/openapi/schema.go:74.27,77.17 3 1
github.com/DataDog/terraform-provider-datadog/generator/internal/openapi/schema.go:77.17,79.4 1 0
github.com/DataDog/terraform-provider-datadog/generator/internal/openapi/schema.go:80.3,80.47 1 1
github.com/DataDog/terraform-provider-datadog/generator/internal/openapi/schema.go:83.2,83.27 1 1
github.com/DataDog/terraform-provider-datadog/generator/internal/openapi/schema.go:83.27,86.17 3 0
github.com/DataDog/terraform-provider-datadog/generator/internal/openapi/schema.go:86.17,88.4 1 0
github.com/DataDog/terraform-provider-datadog/generator/internal/openapi/schema.go:89.3,89.47 1 0
github.com/DataDog/terraform-provider-datadog/generator/internal/openapi/schema.go:92.2,92.27 1 1
github.com/DataDog/terraform-provider-datadog/generator/internal/openapi/schema.go:92.27,95.17 3 0
github.com/DataDog/terraform-provider-datadog/generator/internal/openapi/schema.go:95.17,97.4 1 0
github.com/DataDog/terraform-provider-datadog/generator/internal/openapi/schema.go:98.3,98.47 1 0
github.com/DataDog/terraform-provider-datadog/generator/internal/openapi/schema.go:101.2,107.40 2 1
github.com/DataDog/terraform-provider-datadog/generator/internal/openapi/schema.go:107.40,109.17 2 0
github.com/DataDog/terraform-provider-datadog/generator/internal/openapi/schema.go:109.17,111.34 2 0
github.com/DataDog/terraform-provider-datadog/generator/internal/openapi/schema.go:111.34,113.5 1 0
github.com/DataDog/terraform-provider-datadog/generator/internal/openapi/schema.go:114.4,114.46 1 0
github.com/DataDog/terraform-provider-datadog/generator/internal/openapi/schema.go:117.3,117.63 1 0
github.com/DataDog/terraform-provider-datadog/generator/internal/openapi/schema.go:117.63,119.4 1 0
github.com/DataDog/terraform-provider-datadog/generator/internal/openapi/schema.go:122.2,122.30 1 1
github.com/DataDog/terraform-provider-datadog/generator/internal/openapi/schema.go:122.30,124.3 1 0
github.com/DataDog/terraform-provider-datadog/generator/internal/openapi/schema.go:126.2,127.36 2 1
github.com/DataDog/terraform-provider-datadog/generator/internal/openapi/schema.go:127.36,129.3 1 1
github.com/DataDog/terraform-provider-datadog/generator/internal/openapi/schema.go:131.2,131.68 1 1
github.com/DataDog/terraform-provider-datadog/generator/internal/openapi/schema.go:131.68,133.17 2 1
github.com/DataDog/terraform-provider-datadog/generator/internal/openapi/schema.go:133.17,135.4 1 0
github.com/DataDog/terraform-provider-datadog/generator/internal/openapi/schema.go:136.3,136.42 1 1
github.com/DataDog/terraform-provider-datadog/generator/internal/openapi/schema.go:139.2,139.17 1 1
github.com/DataDog/terraform-provider-datadog/generator/internal/openapi/schema.go:143.92,145.16 2 1
github.com/DataDog/terraform-provider-datadog/generator/internal/openapi/schema.go:145.16,147.3 1 0
github.com/DataDog/terraform-provider-datadog/generator/internal/openapi/schema.go:150.2,150.27 1 1
github.com/DataDog/terraform-provider-datadog/generator/internal/openapi/schema.go:150.27,153.17 3 0
github.com/DataDog/terraform-provider-datadog/generator/internal/openapi/schema.go:153.17,155.4 1 0
github.com/DataDog/terraform-provider-datadog/generator/internal/openapi/schema.go:157.3,158.17 2 0
github.com/DataDog/terraform-provider-datadog/generator/internal/openapi/schema.go:158.17,160.4 1 0
github.com/DataDog/terraform-provider-datadog/generator/internal/openapi/schema.go:161.3,167.9 1 0
github.com/DataDog/terraform-provider-datadog/generator/internal/openapi/schema.go:170.2,170.27 1 1
github.com/DataDog/terraform-provider-datadog/generator/internal/openapi/schema.go:170.27,173.17 3 1
github.com/DataDog/terraform-provider-datadog/generator/internal/openapi/schema.go:173.17,175.4 1 0
github.com/DataDog/terraform-provider-datadog/generator/internal/openapi/schema.go:176.3,177.17 2 1
github.com/DataDog/terraform-provider-datadog/generator/internal/openapi/schema.go:177.17,179.4 1 0
github.com/DataDog/terraform-provider-datadog/generator/internal/openapi/schema.go:180.3,186.9 1 1
github.com/DataDog/terraform-provider-datadog/generator/internal/openapi/schema.go:189.2,189.27 1 1
github.com/DataDog/terraform-provider-datadog/generator/internal/openapi/schema.go:189.27,192.17 3 0
github.com/DataDog/terraform-provider-datadog/generator/internal/openapi/schema.go:192.17,194.4 1 0
github.com/DataDog/terraform-provider-datadog/generator/internal/openapi/schema.go:195.3,196.17 2 0
github.com/DataDog/terraform-provider-datadog/generator/internal/openapi/schema.go:196.17,198.4 1 0
github.com/DataDog/terraform-provider-datadog/generator/internal/openapi/schema.go:199.3,205.9 1 0
github.com/DataDog/terraform-provider-datadog/generator/internal/openapi/schema.go:209.2,209.40 1 1
github.com/DataDog/terraform-provider-datadog/generator/internal/openapi/schema.go:209.40,211.17 2 1
github.com/DataDog/terraform-provider-datadog/generator/internal/openapi/schema.go:211.17,214.34 3 1
github.com/DataDog/terraform-provider-datadog/generator/internal/openapi/schema.go:214.34,216.5 1 0
github.com/DataDog/terraform-provider-datadog/generator/internal/openapi/schema.go:217.4,217.24 1 1
github.com/DataDog/terraform-provider-datadog/generator/internal/openapi/schema.go:221.2,231.32 2 1
github.com/DataDog/terraform-provider-datadog/generator/internal/openapi/schema.go:231.32,233.3 1 1
github.com/DataDog/terraform-provider-datadog/generator/internal/openapi/schema.go:236.2,237.26 2 1
github.com/DataDog/terraform-provider-datadog/generator/internal/openapi/schema.go:237.26,239.3 1 1
github.com/DataDog/terraform-provider-datadog/generator/internal/openapi/schema.go:241.2,241.20 1 1
github.com/DataDog/terraform-provider-datadog/generator/internal/openapi/schema.go:242.16,243.31 1 1
github.com/DataDog/terraform-provider-datadog/generator/internal/openapi/schema.go:244.17,245.24 1 1
github.com/DataDog/terraform-provider-datadog/generator/internal/openapi/schema.go:246.16,247.31 1 1
github.com/DataDog/terraform-provider-datadog/generator/internal/openapi/schema.go:248.11,249.31 1 1
github.com/DataDog/terraform-provider-datadog/generator/internal/openapi/schema.go:251.16,252.24 1 1
github.com/DataDog/terraform-provider-datadog/generator/internal/openapi/schema.go:253.16,254.33 1 1
github.com/DataDog/terraform-provider-datadog/generator/internal/openapi/schema.go:255.11,256.33 1 1
github.com/DataDog/terraform-provider-datadog/generator/internal/openapi/schema.go:258.17,259.29 1 1
github.com/DataDog/terraform-provider-datadog/generator/internal/openapi/schema.go:260.16,263.17 3 1
github.com/DataDog/terraform-provider-datadog/generator/internal/openapi/schema.go:263.17,265.4 1 0
github.com/DataDog/terraform-provider-datadog/generator/internal/openapi/schema.go:266.3,266.28 1 1
github.com/DataDog/terraform-provider-datadog/generator/internal/openapi/schema.go:267.15,268.57 1 1
github.com/DataDog/terraform-provider-datadog/generator/internal/openapi/schema.go:268.57,270.4 1 0
github.com/DataDog/terraform-provider-datadog/generator/internal/openapi/schema.go:271.10,272.31 1 0
github.com/DataDog/terraform-provider-datadog/generator/internal/openapi/schema.go:275.2,275.19 1 1
github.com/DataDog/terraform-provider-datadog/generator/internal/openapi/schema.go:279.70,280.50 1 1
github.com/DataDog/terraform-provider-datadog/generator/internal/openapi/schema.go:280.50,282.3 1 0
github.com/DataDog/terraform-provider-datadog/generator/internal/openapi/schema.go:284.2,286.16 3 1
github.com/DataDog/terraform-provider-datadog/generator/internal/openapi/schema.go:286.16,288.3 1 0
github.com/DataDog/terraform-provider-datadog/generator/internal/openapi/schema.go:290.2,291.30 2 1
github.com/DataDog/terraform-provider-datadog/generator/internal/openapi/schema.go:291.30,293.3 1 1
github.com/DataDog/terraform-provider-datadog/generator/internal/openapi/schema.go:295.2,295.18 1 1
github.com/DataDog/terraform-provider-datadog/generator/internal/openapi/schema.go:296.16,299.17 3 1
github.com/DataDog/terraform-provider-datadog/generator/internal/openapi/schema.go:299.17,301.4 1 0
github.com/DataDog/terraform-provider-datadog/generator/internal/openapi/schema.go:302.3,302.28 1 1
github.com/DataDog/terraform-provider-datadog/generator/internal/openapi/schema.go:303.16,304.39 1 1
github.com/DataDog/terraform-provider-datadog/generator/internal/openapi/schema.go:305.17,306.36 1 0
github.com/DataDog/terraform-provider-datadog/generator/internal/openapi/schema.go:307.16,308.38 1 0
github.com/DataDog/terraform-provider-datadog/generator/internal/openapi/schema.go:309.17,310.37 1 0
github.com/DataDog/terraform-provider-datadog/generator/internal/openapi/schema.go:311.10,312.39 1 0
github.com/DataDog/terraform-provider-datadog/generator/internal/openapi/schema.go:315.2,315.12 1 1
github.com/DataDog/terraform-provider-datadog/generator/internal/codegen/builder.go:16.174,30.27 9 1
github.com/DataDog/terraform-provider-datadog/generator/internal/codegen/builder.go:30.27,33.3 2 1
github.com/DataDog/terraform-provider-datadog/generator/internal/codegen/builder.go:35.2,48.19 2 1
github.com/DataDog/terraform-provider-datadog/generator/internal/codegen/builder.go:48.19,52.3 3 1
github.com/DataDog/terraform-provider-datadog/generator/internal/codegen/builder.go:55.2,74.18 7 1
github.com/DataDog/terraform-provider-datadog/generator/internal/codegen/builder.go:78.71,80.31 2 1
github.com/DataDog/terraform-provider-datadog/generator/internal/codegen/builder.go:80.31,81.34 1 1
github.com/DataDog/terraform-provider-datadog/generator/internal/codegen/builder.go:81.34,83.12 2 1
github.com/DataDog/terraform-provider-datadog/generator/internal/codegen/builder.go:85.3,85.37 1 1
github.com/DataDog/terraform-provider-datadog/generator/internal/codegen/builder.go:87.2,87.17 1 1
github.com/DataDog/terraform-provider-datadog/generator/internal/codegen/builder.go:91.46,92.36 1 1
github.com/DataDog/terraform-provider-datadog/generator/internal/codegen/builder.go:92.36,94.3 1 1
github.com/DataDog/terraform-provider-datadog/generator/internal/codegen/builder.go:95.2,95.20 1 0
github.com/DataDog/terraform-provider-datadog/generator/internal/codegen/builder.go:99.40,100.36 1 1
github.com/DataDog/terraform-provider-datadog/generator/internal/codegen/builder.go:100.36,102.3 1 1
github.com/DataDog/terraform-provider-datadog/generator/internal/codegen/builder.go:103.2,103.13 1 0
github.com/DataDog/terraform-provider-datadog/generator/internal/codegen/builder.go:107.168,112.38 3 1
github.com/DataDog/terraform-provider-datadog/generator/internal/codegen/builder.go:112.38,118.3 1 1
github.com/DataDog/terraform-provider-datadog/generator/internal/codegen/builder.go:121.2,121.39 1 1
github.com/DataDog/terraform-provider-datadog/generator/internal/codegen/builder.go:121.39,127.3 1 1
github.com/DataDog/terraform-provider-datadog/generator/internal/codegen/builder.go:130.2,130.19 1 1
github.com/DataDog/terraform-provider-datadog/generator/internal/codegen/builder.go:130.19,131.44 1 1
github.com/DataDog/terraform-provider-datadog/generator/internal/codegen/builder.go:131.44,132.36 1 1
github.com/DataDog/terraform-provider-datadog/generator/internal/codegen/builder.go:132.36,141.5 4 1
github.com/DataDog/terraform-provider-datadog/generator/internal/codegen/builder.go:146.2,153.31 2 1
github.com/DataDog/terraform-provider-datadog/generator/internal/codegen/builder.go:153.31,156.21 2 1
github.com/DataDog/terraform-provider-datadog/generator/internal/codegen/builder.go:157.32,160.49 3 1
github.com/DataDog/terraform-provider-datadog/generator/internal/codegen/builder.go:161.40,164.49 3 1
github.com/DataDog/terraform-provider-datadog/generator/internal/codegen/builder.go:167.3,171.5 1 1
github.com/DataDog/terraform-provider-datadog/generator/internal/codegen/builder.go:174.2,174.35 1 1
github.com/DataDog/terraform-provider-datadog/generator/internal/codegen/builder.go:178.89,182.27 3 1
github.com/DataDog/terraform-provider-datadog/generator/internal/codegen/builder.go:182.27,183.47 1 1
github.com/DataDog/terraform-provider-datadog/generator/internal/codegen/builder.go:183.47,189.4 1 1
github.com/DataDog/terraform-provider-datadog/generator/internal/codegen/builder.go:192.2,195.3 1 1
github.com/DataDog/terraform-provider-datadog/generator/internal/codegen/builder.go:199.131,206.38 4 1
github.com/DataDog/terraform-provider-datadog/generator/internal/codegen/builder.go:206.38,212.22 2 1
github.com/DataDog/terraform-provider-datadog/generator/internal/codegen/builder.go:212.22,215.4 2 1
github.com/DataDog/terraform-provider-datadog/generator/internal/codegen/builder.go:215.9,217.4 1 1
github.com/DataDog/terraform-provider-datadog/generator/internal/codegen/builder.go:218.3,218.30 1 1
github.com/DataDog/terraform-provider-datadog/generator/internal/codegen/builder.go:222.2,222.39 1 1
github.com/DataDog/terraform-provider-datadog/generator/internal/codegen/builder.go:222.39,229.3 1 1
github.com/DataDog/terraform-provider-datadog/generator/internal/codegen/builder.go:232.2,232.19 1 1
github.com/DataDog/terraform-provider-datadog/generator/internal/codegen/builder.go:232.19,233.44 1 1
github.com/DataDog/terraform-provider-datadog/generator/internal/codegen/builder.go:233.44,234.36 1 1
github.com/DataDog/terraform-provider-datadog/generator/internal/codegen/builder.go:234.36,243.5 3 1
github.com/DataDog/terraform-provider-datadog/generator/internal/codegen/builder.go:248.2,248.31 1 1
github.com/DataDog/terraform-provider-datadog/generator/internal/codegen/builder.go:248.31,249.21 1 1
github.com/DataDog/terraform-provider-datadog/generator/internal/codegen/builder.go:250.32,251.50 1 1
github.com/DataDog/terraform-provider-datadog/generator/internal/codegen/builder.go:252.40,253.50 1 1
github.com/DataDog/terraform-provider-datadog/generator/internal/codegen/builder.go:254.38,256.12 1 0
github.com/DataDog/terraform-provider-datadog/generator/internal/codegen/builder.go:257.11,264.25 2 1
github.com/DataDog/terraform-provider-datadog/generator/internal/codegen/builder.go:264.25,266.5 1 1
github.com/DataDog/terraform-provider-datadog/generator/internal/codegen/builder.go:267.4,267.30 1 1
github.com/DataDog/terraform-provider-datadog/generator/internal/codegen/builder.go:267.30,269.5 1 1
github.com/DataDog/terraform-provider-datadog/generator/internal/codegen/builder.go:270.4,270.31 1 1
github.com/DataDog/terraform-provider-datadog/generator/internal/codegen/builder.go:274.2,278.3 1 1
github.com/DataDog/terraform-provider-datadog/generator/internal/codegen/builder.go:282.64,284.51 2 1
github.com/DataDog/terraform-provider-datadog/generator/internal/codegen/builder.go:284.51,286.3 1 1
github.com/DataDog/terraform-provider-datadog/generator/internal/codegen/builder.go:288.2,294.27 2 1
github.com/DataDog/terraform-provider-datadog/generator/internal/codegen/builder.go:294.27,295.47 1 1
github.com/DataDog/terraform-provider-datadog/generator/internal/codegen/builder.go:295.47,302.4 1 1
github.com/DataDog/terraform-provider-datadog/generator/internal/codegen/builder.go:305.2,305.14 1 1
github.com/DataDog/terraform-provider-datadog/generator/internal/codegen/builder.go:309.49,310.20 1 1
github.com/DataDog/terraform-provider-datadog/generator/internal/codegen/builder.go:312.65,313.14 1 1
github.com/DataDog/terraform-provider-datadog/generator/internal/codegen/builder.go:315.2,315.14 1 1
github.com/DataDog/terraform-provider-datadog/generator/internal/codegen/builder.go:319.113,321.38 2 1
github.com/DataDog/terraform-provider-datadog/generator/internal/codegen/builder.go:321.38,327.3 1 1
github.com/DataDog/terraform-provider-datadog/generator/internal/codegen/builder.go:329.2,335.19 2 1
github.com/DataDog/terraform-provider-datadog/generator/internal/codegen/builder.go:335.19,340.44 4 1
github.com/DataDog/terraform-provider-datadog/generator/internal/codegen/builder.go:340.44,341.36 1 1
github.com/DataDog/terraform-provider-datadog/generator/internal/codegen/builder.go:341.36,348.5 2 1
github.com/DataDog/terraform-provider-datadog/generator/internal/codegen/builder.go:352.2,352.17 1 1
github.com/DataDog/terraform-provider-datadog/generator/internal/codegen/builder.go:356.83,360.15 3 1
github.com/DataDog/terraform-provider-datadog/generator/internal/codegen/builder.go:360.15,362.3 1 1
github.com/DataDog/terraform-provider-datadog/generator/internal/codegen/builder.go:362.8,364.3 1 1
github.com/DataDog/terraform-provider-datadog/generator/internal/codegen/builder.go:366.2,366.31 1 1
github.com/DataDog/terraform-provider-datadog/generator/internal/codegen/builder.go:366.31,367.93 1 1
github.com/DataDog/terraform-provider-datadog/generator/internal/codegen/builder.go:367.93,368.12 1 1
github.com/DataDog/terraform-provider-datadog/generator/internal/codegen/builder.go:370.3,370.50 1 1
github.com/DataDog/terraform-provider-datadog/generator/internal/codegen/builder.go:370.50,371.12 1 0
github.com/DataDog/terraform-provider-datadog/generator/internal/codegen/builder.go:374.3,382.29 2 1
github.com/DataDog/terraform-provider-datadog/generator/internal/codegen/builder.go:382.29,386.12 4 1
github.com/DataDog/terraform-provider-datadog/generator/internal/codegen/builder.go:390.3,390.21 1 1
github.com/DataDog/terraform-provider-datadog/generator/internal/codegen/builder.go:390.21,394.4 3 1
github.com/DataDog/terraform-provider-datadog/generator/internal/codegen/builder.go:397.3,397.24 1 1
github.com/DataDog/terraform-provider-datadog/generator/internal/codegen/builder.go:397.24,400.4 2 1
github.com/DataDog/terraform-provider-datadog/generator/internal/codegen/builder.go:402.3,402.61 1 1
github.com/DataDog/terraform-provider-datadog/generator/internal/codegen/builder.go:405.2,405.14 1 1
github.com/DataDog/terraform-provider-datadog/generator/internal/codegen/builder.go:409.61,410.20 1 1
github.com/DataDog/terraform-provider-datadog/generator/internal/codegen/builder.go:411.31,412.30 1 1
github.com/DataDog/terraform-provider-datadog/generator/internal/codegen/builder.go:413.54,414.29 1 1
github.com/DataDog/terraform-provider-datadog/generator/internal/codegen/builder.go:415.58,416.31 1 1
github.com/DataDog/terraform-provider-datadog/generator/internal/codegen/builder.go:417.29,418.28 1 1
github.com/DataDog/terraform-provider-datadog/generator/internal/codegen/builder.go:419.10,420.30 1 0
github.com/DataDog/terraform-provider-datadog/generator/internal/codegen/builder.go:426.44,429.72 2 1
github.com/DataDog/terraform-provider-datadog/generator/internal/codegen/builder.go:429.72,431.3 1 1
github.com/DataDog/terraform-provider-datadog/generator/internal/codegen/builder.go:432.2,432.49 1 1
github.com/DataDog/terraform-provider-datadog/generator/internal/codegen/builder.go:436.59,437.25 1 1
github.com/DataDog/terraform-provider-datadog/generator/internal/codegen/builder.go:437.25,439.41 2 1
github.com/DataDog/terraform-provider-datadog/generator/internal/codegen/builder.go:439.41,440.26 1 1
github.com/DataDog/terraform-provider-datadog/generator/internal/codegen/builder.go:441.19,442.24 1 1
github.com/DataDog/terraform-provider-datadog/generator/internal/codegen/builder.go:443.19,444.25 1 0
github.com/DataDog/terraform-provider-datadog/generator/internal/codegen/builder.go:448.2,448.23 1 1
github.com/DataDog/terraform-provider-datadog/generator/internal/codegen/builder.go:452.60,453.25 1 1
github.com/DataDog/terraform-provider-datadog/generator/internal/codegen/builder.go:453.25,455.41 2 1
github.com/DataDog/terraform-provider-datadog/generator/internal/codegen/builder.go:455.41,456.26 1 1
github.com/DataDog/terraform-provider-datadog/generator/internal/codegen/builder.go:457.19,458.34 1 1
github.com/DataDog/terraform-provider-datadog/generator/internal/codegen/builder.go:459.19,460.35 1 0
github.com/DataDog/terraform-provider-datadog/generator/internal/codegen/builder.go:464.2,464.33 1 1
github.com/DataDog/terraform-provider-datadog/generator/internal/codegen/builder.go:468.61,469.25 1 1
github.com/DataDog/terraform-provider-datadog/generator/internal/codegen/builder.go:469.25,471.41 2 1
github.com/DataDog/terraform-provider-datadog/generator/internal/codegen/builder.go:471.41,472.26 1 1
github.com/DataDog/terraform-provider-datadog/generator/internal/codegen/builder.go:473.19,474.25 1 1
github.com/DataDog/terraform-provider-datadog/generator/internal/codegen/builder.go:475.19,476.26 1 0
github.com/DataDog/terraform-provider-datadog/generator/internal/codegen/builder.go:480.2,480.24 1 1
github.com/DataDog/terraform-provider-datadog/generator/internal/codegen/orchestrator.go:14.83,16.16 2 1
github.com/DataDog/terraform-provider-datadog/generator/internal/codegen/orchestrator.go:16.16,18.3 1 0
github.com/DataDog/terraform-provider-datadog/generator/internal/codegen/orchestrator.go:21.2,22.36 2 1
github.com/DataDog/terraform-provider-datadog/generator/internal/codegen/orchestrator.go:22.36,24.3 1 1
github.com/DataDog/terraform-provider-datadog/generator/internal/codegen/orchestrator.go:25.2,27.29 2 1
github.com/DataDog/terraform-provider-datadog/generator/internal/codegen/orchestrator.go:27.29,29.100 2 1
github.com/DataDog/terraform-provider-datadog/generator/internal/codegen/orchestrator.go:29.100,31.4 1 1
github.com/DataDog/terraform-provider-datadog/generator/internal/codegen/orchestrator.go:34.2,34.12 1 1
github.com/DataDog/terraform-provider-datadog/generator/internal/codegen/orchestrator.go:38.156,43.31 4 1
github.com/DataDog/terraform-provider-datadog/generator/internal/codegen/orchestrator.go:43.31,45.3 1 1
github.com/DataDog/terraform-provider-datadog/generator/internal/codegen/orchestrator.go:48.2,49.16 2 1
github.com/DataDog/terraform-provider-datadog/generator/internal/codegen/orchestrator.go:49.16,51.3 1 1
github.com/DataDog/terraform-provider-datadog/generator/internal/codegen/orchestrator.go:54.2,55.16 2 1
github.com/DataDog/terraform-provider-datadog/generator/internal/codegen/orchestrator.go:55.16,57.3 1 1
github.com/DataDog/terraform-provider-datadog/generator/internal/codegen/orchestrator.go:58.2,62.23 3 1
github.com/DataDog/terraform-provider-datadog/generator/internal/codegen/orchestrator.go:62.23,64.17 2 1
github.com/DataDog/terraform-provider-datadog/generator/internal/codegen/orchestrator.go:64.17,66.4 1 0
github.com/DataDog/terraform-provider-datadog/generator/internal/codegen/orchestrator.go:70.2,71.16 2 1
github.com/DataDog/terraform-provider-datadog/generator/internal/codegen/orchestrator.go:71.16,73.3 1 0
github.com/DataDog/terraform-provider-datadog/generator/internal/codegen/orchestrator.go:75.2,78.15 3 1
github.com/DataDog/terraform-provider-datadog/generator/internal/codegen/orchestrator.go:78.15,80.17 2 1
github.com/DataDog/terraform-provider-datadog/generator/internal/codegen/orchestrator.go:80.17,82.4 1 0
github.com/DataDog/terraform-provider-datadog/generator/internal/codegen/orchestrator.go:83.3,84.17 2 1
github.com/DataDog/terraform-provider-datadog/generator/internal/codegen/orchestrator.go:84.17,86.4 1 0
github.com/DataDog/terraform-provider-datadog/generator/internal/codegen/orchestrator.go:87.8,89.17 2 1
github.com/DataDog/terraform-provider-datadog/generator/internal/codegen/orchestrator.go:89.17,91.4 1 0
github.com/DataDog/terraform-provider-datadog/generator/internal/codegen/orchestrator.go:95.2,96.16 2 1
github.com/DataDog/terraform-provider-datadog/generator/internal/codegen/orchestrator.go:96.16,98.3 1 0
github.com/DataDog/terraform-provider-datadog/generator/internal/codegen/orchestrator.go:101.2,102.16 2 1
github.com/DataDog/terraform-provider-datadog/generator/internal/codegen/orchestrator.go:102.16,104.3 1 0
github.com/DataDog/terraform-provider-datadog/generator/internal/codegen/orchestrator.go:107.2,108.16 2 1
github.com/DataDog/terraform-provider-datadog/generator/internal/codegen/orchestrator.go:108.16,110.3 1 0
github.com/DataDog/terraform-provider-datadog/generator/internal/codegen/orchestrator.go:112.2,112.12 1 1
github.com/DataDog/terraform-provider-datadog/generator/internal/codegen/orchestrator.go:112.12,116.3 3 1
github.com/DataDog/terraform-provider-datadog/generator/internal/codegen/orchestrator.go:119.2,120.58 2 1
github.com/DataDog/terraform-provider-datadog/generator/internal/codegen/orchestrator.go:120.58,122.3 1 0
github.com/DataDog/terraform-provider-datadog/generator/internal/codegen/orchestrator.go:125.2,126.66 2 1
github.com/DataDog/terraform-provider-datadog/generator/internal/codegen/orchestrator.go:126.66,128.3 1 0
github.com/DataDog/terraform-provider-datadog/generator/internal/codegen/orchestrator.go:130.2,130.12 1 1
github.com/DataDog/terraform-provider-datadog/generator/internal/codegen/writer.go:11.49,13.16 2 1
github.com/DataDog/terraform-provider-datadog/generator/internal/codegen/writer.go:13.16,15.3 1 1
github.com/DataDog/terraform-provider-datadog/generator/internal/codegen/writer.go:16.2,16.23 1 1
github.com/DataDog/terraform-provider-datadog/generator/internal/codegen/writer.go:21.53,23.16 2 1
github.com/DataDog/terraform-provider-datadog/generator/internal/codegen/writer.go:23.16,25.3 1 0
github.com/DataDog/terraform-provider-datadog/generator/internal/codegen/writer.go:27.2,28.47 2 1
github.com/DataDog/terraform-provider-datadog/generator/internal/codegen/writer.go:28.47,30.3 1 0
github.com/DataDog/terraform-provider-datadog/generator/internal/codegen/writer.go:32.2,32.60 1 1
github.com/DataDog/terraform-provider-datadog/generator/internal/codegen/writer.go:32.60,34.3 1 0
github.com/DataDog/terraform-provider-datadog/generator/internal/codegen/writer.go:36.2,36.12 1 1
github.com/DataDog/terraform-provider-datadog/generator/internal/codegen/writer.go:41.58,42.41 1 1
github.com/DataDog/terraform-provider-datadog/generator/internal/codegen/writer.go:42.41,44.3 1 1
github.com/DataDog/terraform-provider-datadog/generator/internal/codegen/writer.go:46.2,46.35 1 1
github.com/DataDog/terraform-provider-datadog/generator/internal/types/attributes.go:20.73,21.17 1 1
github.com/DataDog/terraform-provider-datadog/generator/internal/types/attributes.go:21.17,23.3 1 1
github.com/DataDog/terraform-provider-datadog/generator/internal/types/attributes.go:24.2,24.18 1 1
github.com/DataDog/terraform-provider-datadog/generator/internal/types/attributes.go:24.18,26.3 1 1
github.com/DataDog/terraform-provider-datadog/generator/internal/types/attributes.go:27.2,27.17 1 1
github.com/DataDog/terraform-provider-datadog/generator/internal/types/converter.go:8.49,9.20 1 1
github.com/DataDog/terraform-provider-datadog/generator/internal/types/converter.go:10.31,11.18 1 1
github.com/DataDog/terraform-provider-datadog/generator/internal/types/converter.go:12.30,13.17 1 1
github.com/DataDog/terraform-provider-datadog/generator/internal/types/converter.go:14.30,15.17 1 1
github.com/DataDog/terraform-provider-datadog/generator/internal/types/converter.go:16.32,17.19 1 1
github.com/DataDog/terraform-provider-datadog/generator/internal/types/converter.go:18.32,19.19 1 1
github.com/DataDog/terraform-provider-datadog/generator/internal/types/converter.go:20.29,21.16 1 1
github.com/DataDog/terraform-provider-datadog/generator/internal/types/converter.go:22.31,23.18 1 1
github.com/DataDog/terraform-provider-datadog/generator/internal/types/converter.go:24.39,25.20 1 1
github.com/DataDog/terraform-provider-datadog/generator/internal/types/converter.go:26.39,27.20 1 1
github.com/DataDog/terraform-provider-datadog/generator/internal/types/converter.go:28.36,29.19 1 1
github.com/DataDog/terraform-provider-datadog/generator/internal/types/converter.go:30.38,31.21 1 1
github.com/DataDog/terraform-provider-datadog/generator/internal/types/converter.go:32.37,33.18 1 1
github.com/DataDog/terraform-provider-datadog/generator/internal/types/converter.go:34.37,35.29 1 1
github.com/DataDog/terraform-provider-datadog/generator/internal/types/converter.go:36.34,37.28 1 1
github.com/DataDog/terraform-provider-datadog/generator/internal/types/converter.go:38.36,39.30 1 1
github.com/DataDog/terraform-provider-datadog/generator/internal/types/converter.go:40.35,41.27 1 1
github.com/DataDog/terraform-provider-datadog/generator/internal/types/converter.go:42.37,43.29 1 1
github.com/DataDog/terraform-provider-datadog/generator/internal/types/converter.go:44.10,45.18 1 0
github.com/DataDog/terraform-provider-datadog/generator/internal/types/converter.go:50.62,51.20 1 1
github.com/DataDog/terraform-provider-datadog/generator/internal/types/converter.go:52.31,53.34 1 1
github.com/DataDog/terraform-provider-datadog/generator/internal/types/converter.go:54.54,55.33 1 1
github.com/DataDog/terraform-provider-datadog/generator/internal/types/converter.go:56.58,57.35 1 1
github.com/DataDog/terraform-provider-datadog/generator/internal/types/converter.go:58.29,59.32 1 1
github.com/DataDog/terraform-provider-datadog/generator/internal/types/converter.go:60.39,61.32 1 1
github.com/DataDog/terraform-provider-datadog/generator/internal/types/converter.go:62.36,63.32 1 1
github.com/DataDog/terraform-provider-datadog/generator/internal/types/converter.go:64.38,65.32 1 1
github.com/DataDog/terraform-provider-datadog/generator/internal/types/converter.go:66.37,67.32 1 1
github.com/DataDog/terraform-provider-datadog/generator/internal/types/converter.go:69.61,70.31 1 1
github.com/DataDog/terraform-provider-datadog/generator/internal/types/converter.go:71.37,72.37 1 1
github.com/DataDog/terraform-provider-datadog/generator/internal/types/converter.go:73.10,74.34 1 0
github.com/DataDog/terraform-provider-datadog/generator/internal/types/converter.go:79.61,80.20 1 1
github.com/DataDog/terraform-provider-datadog/generator/internal/types/converter.go:81.31,82.24 1 1
github.com/DataDog/terraform-provider-datadog/generator/internal/types/converter.go:83.54,84.23 1 1
github.com/DataDog/terraform-provider-datadog/generator/internal/types/converter.go:85.58,86.25 1 1
github.com/DataDog/terraform-provider-datadog/generator/internal/types/converter.go:87.29,88.22 1 1
github.com/DataDog/terraform-provider-datadog/generator/internal/types/converter.go:90.65,91.22 1 1
github.com/DataDog/terraform-provider-datadog/generator/internal/types/converter.go:94.33,95.21 1 1
github.com/DataDog/terraform-provider-datadog/generator/internal/types/converter.go:96.10,97.24 1 0
github.com/DataDog/terraform-provider-datadog/generator/internal/types/converter.go:102.52,104.2 1 1
github.com/DataDog/terraform-provider-datadog/generator/internal/types/converter.go:107.56,108.20 1 0
github.com/DataDog/terraform-provider-datadog/generator/internal/types/converter.go:109.39,110.28 1 0
github.com/DataDog/terraform-provider-datadog/generator/internal/types/converter.go:111.36,112.27 1 0
github.com/DataDog/terraform-provider-datadog/generator/internal/types/converter.go:113.38,114.29 1 0
github.com/DataDog/terraform-provider-datadog/generator/internal/types/converter.go:115.37,116.26 1 0
github.com/DataDog/terraform-provider-datadog/generator/internal/types/converter.go:117.10,118.28 1 0
github.com/DataDog/terraform-provider-datadog/generator/internal/types/converter.go:123.55,124.20 1 1
github.com/DataDog/terraform-provider-datadog/generator/internal/types/converter.go:125.37,126.28 1 1
github.com/DataDog/terraform-provider-datadog/generator/internal/types/converter.go:127.34,128.27 1 1
github.com/DataDog/terraform-provider-datadog/generator/internal/types/converter.go:129.36,130.29 1 1
github.com/DataDog/terraform-provider-datadog/generator/internal/types/converter.go:131.35,132.26 1 1
github.com/DataDog/terraform-provider-datadog/generator/internal/types/converter.go:133.10,134.28 1 0
github.com/DataDog/terraform-provider-datadog/generator/internal/types/converter.go:139.48,140.20 1 1
github.com/DataDog/terraform-provider-datadog/generator/internal/types/converter.go:143.33,144.14 1 1
github.com/DataDog/terraform-provider-datadog/generator/internal/types/converter.go:146.2,146.14 1 1
github.com/DataDog/terraform-provider-datadog/generator/internal/types/converter.go:150.61,151.20 1 1
github.com/DataDog/terraform-provider-datadog/generator/internal/types/converter.go:152.31,153.29 1 1
github.com/DataDog/terraform-provider-datadog/generator/internal/types/converter.go:154.54,155.28 1 1
github.com/DataDog/terraform-provider-datadog/generator/internal/types/converter.go:156.58,157.30 1 1
github.com/DataDog/terraform-provider-datadog/generator/internal/types/converter.go:158.29,159.27 1 1
github.com/DataDog/terraform-provider-datadog/generator/internal/types/converter.go:160.10,161.29 1 0
github.com/DataDog/terraform-provider-datadog/generator/internal/types/converter.go:166.50,167.20 1 1
github.com/DataDog/terraform-provider-datadog/generator/internal/types/converter.go:168.30,169.17 1 1
github.com/DataDog/terraform-provider-datadog/generator/internal/types/converter.go:170.32,171.19 1 1
github.com/DataDog/terraform-provider-datadog/generator/internal/types/converter.go:172.10,173.12 1 1
github.com/DataDog/terraform-provider-datadog/generator/internal/templates/engine.go:18.35,22.16 2 1
github.com/DataDog/terraform-provider-datadog/generator/internal/templates/engine.go:22.16,24.3 1 0
github.com/DataDog/terraform-provider-datadog/generator/internal/templates/engine.go:26.2,26.33 1 1
github.com/DataDog/terraform-provider-datadog/generator/internal/templates/engine.go:31.80,33.73 2 1
github.com/DataDog/terraform-provider-datadog/generator/internal/templates/engine.go:33.73,35.3 1 0
github.com/DataDog/terraform-provider-datadog/generator/internal/templates/engine.go:36.2,36.25 1 1
github.com/DataDog/terraform-provider-datadog/generator/internal/templates/engine.go:40.39,42.39 2 1
github.com/DataDog/terraform-provider-datadog/generator/internal/templates/engine.go:42.39,43.21 1 1
github.com/DataDog/terraform-provider-datadog/generator/internal/templates/engine.go:43.21,45.4 1 1
github.com/DataDog/terraform-provider-datadog/generator/internal/templates/engine.go:47.2,47.14 1 1
github.com/DataDog/terraform-provider-datadog/generator/internal/templates/format.go:27.35,30.26 3 1
github.com/DataDog/terraform-provider-datadog/generator/internal/templates/format.go:30.26,31.25 1 1
github.com/DataDog/terraform-provider-datadog/generator/internal/templates/format.go:31.25,32.13 1 1
github.com/DataDog/terraform-provider-datadog/generator/internal/templates/format.go:32.13,34.55 2 1
github.com/DataDog/terraform-provider-datadog/generator/internal/templates/format.go:34.55,36.6 1 1
github.com/DataDog/terraform-provider-datadog/generator/internal/templates/format.go:36.11,36.88 1 1
github.com/DataDog/terraform-provider-datadog/generator/internal/templates/format.go:36.88,38.6 1 1
github.com/DataDog/terraform-provider-datadog/generator/internal/templates/format.go:40.4,40.47 1 1
github.com/DataDog/terraform-provider-datadog/generator/internal/templates/format.go:41.9,43.4 1 1
github.com/DataDog/terraform-provider-datadog/generator/internal/templates/format.go:45.2,45.23 1 1
github.com/DataDog/terraform-provider-datadog/generator/internal/templates/format.go:49.35,51.18 2 1
github.com/DataDog/terraform-provider-datadog/generator/internal/templates/format.go:51.18,53.3 1 1
github.com/DataDog/terraform-provider-datadog/generator/internal/templates/format.go:55.2,55.28 1 1
github.com/DataDog/terraform-provider-datadog/generator/internal/templates/format.go:55.28,56.37 1 1
github.com/DataDog/terraform-provider-datadog/generator/internal/templates/format.go:56.37,58.4 1 1
github.com/DataDog/terraform-provider-datadog/generator/internal/templates/format.go:60.2,62.22 3 1
github.com/DataDog/terraform-provider-datadog/generator/internal/templates/format.go:66.36,67.13 1 1
github.com/DataDog/terraform-provider-datadog/generator/internal/templates/format.go:67.13,69.3 1 1
github.com/DataDog/terraform-provider-datadog/generator/internal/templates/format.go:72.2,72.51 1 1
github.com/DataDog/terraform-provider-datadog/generator/internal/templates/format.go:72.51,74.3 1 1
github.com/DataDog/terraform-provider-datadog/generator/internal/templates/format.go:76.2,77.29 2 1
github.com/DataDog/terraform-provider-datadog/generator/internal/templates/format.go:77.29,78.17 1 1
github.com/DataDog/terraform-provider-datadog/generator/internal/templates/format.go:78.17,79.12 1 0
github.com/DataDog/terraform-provider-datadog/generator/internal/templates/format.go:81.3,82.22 2 1
github.com/DataDog/terraform-provider-datadog/generator/internal/templates/format.go:82.22,84.12 2 1
github.com/DataDog/terraform-provider-datadog/generator/internal/templates/format.go:87.3,88.31 2 1
github.com/DataDog/terraform-provider-datadog/generator/internal/templates/format.go:88.31,90.23 2 1
github.com/DataDog/terraform-provider-datadog/generator/internal/templates/format.go:90.23,92.5 1 1
github.com/DataDog/terraform-provider-datadog/generator/internal/templates/format.go:92.10,95.37 3 1
github.com/DataDog/terraform-provider-datadog/generator/internal/templates/format.go:95.37,97.6 1 1
github.com/DataDog/terraform-provider-datadog/generator/internal/templates/format.go:98.5,98.38 1 1
github.com/DataDog/terraform-provider-datadog/generator/internal/templates/format.go:102.2,102.24 1 1
github.com/DataDog/terraform-provider-datadog/generator/internal/templates/format.go:110.39,111.13 1 1
github.com/DataDog/terraform-provider-datadog/generator/internal/templates/format.go:111.13,113.3 1 1
github.com/DataDog/terraform-provider-datadog/generator/internal/templates/format.go:115.2,115.51 1 1
github.com/DataDog/terraform-provider-datadog/generator/internal/templates/format.go:115.51,117.3 1 1
github.com/DataDog/terraform-provider-datadog/generator/internal/templates/format.go:119.2,120.29 2 1
github.com/DataDog/terraform-provider-datadog/generator/internal/templates/format.go:120.29,121.17 1 1
github.com/DataDog/terraform-provider-datadog/generator/internal/templates/format.go:121.17,122.12 1 0
github.com/DataDog/terraform-provider-datadog/generator/internal/templates/format.go:124.3,126.35 3 1
github.com/DataDog/terraform-provider-datadog/generator/internal/templates/format.go:126.35,128.4 1 1
github.com/DataDog/terraform-provider-datadog/generator/internal/templates/format.go:129.3,129.36 1 1
github.com/DataDog/terraform-provider-datadog/generator/internal/templates/format.go:131.2,131.24 1 1
github.com/DataDog/terraform-provider-datadog/generator/internal/templates/format.go:135.40,139.34 4 1
github.com/DataDog/terraform-provider-datadog/generator/internal/templates/format.go:139.34,140.32 1 1
github.com/DataDog/terraform-provider-datadog/generator/internal/templates/format.go:140.32,141.35 1 1
github.com/DataDog/terraform-provider-datadog/generator/internal/templates/format.go:141.35,144.5 2 1
github.com/DataDog/terraform-provider-datadog/generator/internal/templates/format.go:144.10,144.62 1 1
github.com/DataDog/terraform-provider-datadog/generator/internal/templates/format.go:144.62,147.5 2 1
github.com/DataDog/terraform-provider-datadog/generator/internal/templates/format.go:150.2,151.14 2 1
github.com/DataDog/terraform-provider-datadog/generator/internal/templates/format.go:155.39,156.19 1 1
github.com/DataDog/terraform-provider-datadog/generator/internal/templates/format.go:156.19,158.3 1 1
github.com/DataDog/terraform-provider-datadog/generator/internal/templates/format.go:159.2,159.10 1 1
github.com/DataDog/terraform-provider-datadog/generator/internal/templates/format.go:163.43,170.29 6 1
github.com/DataDog/terraform-provider-datadog/generator/internal/templates/format.go:170.29,172.17 2 1
github.com/DataDog/terraform-provider-datadog/generator/internal/templates/format.go:172.17,174.4 1 1
github.com/DataDog/terraform-provider-datadog/generator/internal/templates/format.go:176.2,176.35 1 1
github.com/DataDog/terraform-provider-datadog/generator/internal/templates/funcmap.go:9.33,16.45 1 1
github.com/DataDog/terraform-provider-datadog/generator/internal/templates/funcmap.go:16.45,16.61 1 0
github.com/DataDog/terraform-provider-datadog/generator/internal/templates/funcmap.go:17.45,17.61 1 0
github.com/DataDog/terraform-provider-datadog/generator/internal/config/config.go:37.47,39.16 2 1
github.com/DataDog/terraform-provider-datadog/generator/internal/config/config.go:39.16,41.3 1 1
github.com/DataDog/terraform-provider-datadog/generator/internal/config/config.go:43.2,44.51 2 1
github.com/DataDog/terraform-provider-datadog/generator/internal/config/config.go:44.51,46.3 1 0
github.com/DataDog/terraform-provider-datadog/generator/internal/config/config.go:48.2,48.39 1 1
github.com/DataDog/terraform-provider-datadog/generator/internal/config/config.go:48.39,50.3 1 1
github.com/DataDog/terraform-provider-datadog/generator/internal/config/config.go:52.2,52.18 1 1
github.com/DataDog/terraform-provider-datadog/generator/internal/config/config.go:55.35,56.23 1 1
github.com/DataDog/terraform-provider-datadog/generator/internal/config/config.go:56.23,58.3 1 1
github.com/DataDog/terraform-provider-datadog/generator/internal/config/config.go:60.2,60.38 1 1
github.com/DataDog/terraform-provider-datadog/generator/internal/config/config.go:60.38,61.25 1 1
github.com/DataDog/terraform-provider-datadog/generator/internal/config/config.go:61.25,63.4 1 1
github.com/DataDog/terraform-provider-datadog/generator/internal/config/config.go:64.3,65.19 2 1
github.com/DataDog/terraform-provider-datadog/generator/internal/config/config.go:65.19,67.4 1 1
github.com/DataDog/terraform-provider-datadog/generator/internal/config/config.go:68.3,69.28 2 1
github.com/DataDog/terraform-provider-datadog/generator/internal/config/config.go:69.28,71.4 1 1
github.com/DataDog/terraform-provider-datadog/generator/internal/config/config.go:74.3,74.21 1 1
github.com/DataDog/terraform-provider-datadog/generator/internal/config/config.go:74.21,75.26 1 1
github.com/DataDog/terraform-provider-datadog/generator/internal/config/config.go:75.26,77.5 1 1
github.com/DataDog/terraform-provider-datadog/generator/internal/config/config.go:78.4,79.24 2 1
github.com/DataDog/terraform-provider-datadog/generator/internal/config/config.go:79.24,81.5 1 1
github.com/DataDog/terraform-provider-datadog/generator/internal/config/config.go:82.4,82.33 1 1
github.com/DataDog/terraform-provider-datadog/generator/internal/config/config.go:82.33,84.5 1 1
github.com/DataDog/terraform-provider-datadog/generator/internal/config/config.go:87.3,88.20 2 1
github.com/DataDog/terraform-provider-datadog/generator/internal/config/config.go:88.20,90.4 1 1
github.com/DataDog/terraform-provider-datadog/generator/internal/config/config.go:91.3,91.37 1 1
github.com/DataDog/terraform-provider-datadog/generator/internal/config/config.go:91.37,93.4 1 1
github.com/DataDog/terraform-provider-datadog/generator/internal/config/config.go:96.2,96.12 1 1
github.com/DataDog/terraform-provider-datadog/generator/internal/config/config.go:100.39,102.25 2 1
github.com/DataDog/terraform-provider-datadog/generator/internal/config/config.go:102.25,104.3 1 1
github.com/DataDog/terraform-provider-datadog/generator/internal/config/config.go:105.2,106.16 2 1
github.com/DataDog/terraform-provider-datadog/generator/internal/config/config.go:110.58,111.19 1 1
github.com/DataDog/terraform-provider-datadog/generator/internal/config/config.go:111.19,113.3 1 1
github.com/DataDog/terraform-provider-datadog/generator/internal/config/config.go:114.2,114.24 1 1
